<?xml version="1.0" encoding="UTF-8"?>
<!-- Generated by org.testng.reporters.JUnitReportReporter -->
<testsuite hostname="arzu" failures="0" tests="1" name="com.hrms.testcases.ValidLoginTest" time="10.611" errors="0" timestamp="2020-06-02T02:46:30 CDT" skipped="0">
  <testcase classname="com.hrms.testcases.ValidLoginTest" name="AdminloginHRMS" time="10.611"/>
  <system-out/>
</testsuite> <!-- com.hrms.testcases.ValidLoginTest -->
