<?xml version="1.0" encoding="UTF-8"?>
<!-- Generated by org.testng.reporters.JUnitReportReporter -->
<testsuite hostname="arzu" failures="0" tests="3" name="com.hrms.testcases.LoginTest" time="26.125" errors="0" timestamp="2020-05-30T14:22:05 CDT" skipped="0">
  <testcase classname="com.hrms.testcases.LoginTest" name="ValidAdminlogin" time="10.039"/>
  <system-out/>
  <testcase classname="com.hrms.testcases.LoginTest" name="emptyUsernamelogin" time="7.778"/>
  <system-out/>
  <testcase classname="com.hrms.testcases.LoginTest" name="InvalidPasswordlogin" time="8.308"/>
  <system-out/>
</testsuite> <!-- com.hrms.testcases.LoginTest -->
