<?xml version="1.0" encoding="UTF-8"?>
<!-- Generated by org.testng.reporters.JUnitReportReporter -->
<testsuite hostname="arzu" failures="0" tests="5" name="com.hrms.testcases.AddEmployeeTest" time="102.790" errors="0" timestamp="2020-06-06T19:07:08 CDT" skipped="0">
  <testcase classname="com.hrms.testcases.AddEmployeeTest" name="addEmployee" time="22.401"/>
  <system-out/>
  <testcase classname="com.hrms.testcases.AddEmployeeTest" name="addEmployee" time="20.008"/>
  <system-out/>
  <testcase classname="com.hrms.testcases.AddEmployeeTest" name="addEmployee" time="20.070"/>
  <system-out/>
  <testcase classname="com.hrms.testcases.AddEmployeeTest" name="addEmployee" time="19.652"/>
  <system-out/>
  <testcase classname="com.hrms.testcases.AddEmployeeTest" name="addEmployee" time="20.659"/>
  <system-out/>
</testsuite> <!-- com.hrms.testcases.AddEmployeeTest -->
