<?xml version="1.0" encoding="UTF-8"?>
<!-- Generated by org.testng.reporters.JUnitReportReporter -->
<testsuite hostname="arzu" failures="0" tests="1" name="com.hrms.testcases.EmployeeReportsTest" time="80.040" errors="0" timestamp="2020-06-06T19:10:48 CDT" skipped="0">
  <testcase classname="com.hrms.testcases.EmployeeReportsTest" name="empReport" time="80.040"/>
  <system-out/>
</testsuite> <!-- com.hrms.testcases.EmployeeReportsTest -->
