<?xml version="1.0" encoding="UTF-8"?>
<!-- Generated by org.testng.reporters.JUnitReportReporter -->
<testsuite hostname="arzu" failures="0" tests="2" name="com.hrms.testcases.LoginTest" time="16.852" errors="0" timestamp="2020-06-01T16:16:51 CDT" skipped="0">
  <testcase classname="com.hrms.testcases.LoginTest" name="InvalidPasswordlogin" time="9.411"/>
  <system-out/>
  <testcase classname="com.hrms.testcases.LoginTest" name="emptyUsernamelogin" time="7.441"/>
  <system-out/>
</testsuite> <!-- com.hrms.testcases.LoginTest -->
