<?xml version="1.0" encoding="UTF-8"?>
<!-- Generated by org.testng.reporters.JUnitReportReporter -->
<testsuite hostname="arzu" failures="0" tests="1" name="com.hrms.testcases.AddEmployeeTest" time="14.332" errors="0" timestamp="2020-05-30T14:22:05 CDT" skipped="0">
  <testcase classname="com.hrms.testcases.AddEmployeeTest" name="addEmployeePage" time="14.332"/>
  <system-out/>
</testsuite> <!-- com.hrms.testcases.AddEmployeeTest -->
