<?xml version="1.0" encoding="UTF-8"?>
<!-- Generated by org.testng.reporters.JUnitReportReporter -->
<testsuite hostname="arzu" failures="0" tests="1" name="com.hrms.testcases.annotationDemo" time="0.016" errors="0" timestamp="2020-06-04T18:57:17 CDT" skipped="0">
  <testcase classname="com.hrms.testcases.annotationDemo" name="methodOne" time="0.016"/>
  <system-out/>
</testsuite> <!-- com.hrms.testcases.annotationDemo -->
