<?xml version="1.0" encoding="UTF-8"?>
<!-- Generated by org.testng.reporters.JUnitReportReporter -->
<testsuite hostname="arzu" failures="0" tests="1" name="com.hrms.testcases.LoginTest" time="11.158" errors="0" timestamp="2020-06-06T19:20:45 CDT" skipped="0">
  <testcase classname="com.hrms.testcases.LoginTest" name="ValidAdminlogin" time="11.158"/>
  <system-out/>
</testsuite> <!-- com.hrms.testcases.LoginTest -->
