<?xml version="1.0" encoding="UTF-8"?>
<!-- Generated by org.testng.reporters.JUnitReportReporter -->
<testsuite hostname="arzu" failures="0" tests="5" name="com.hrms.testcases.AddEmployeeTest" time="99.919" errors="0" timestamp="2020-06-01T16:16:51 CDT" skipped="0">
  <testcase classname="com.hrms.testcases.AddEmployeeTest" name="addEmployee" time="19.980"/>
  <system-out/>
  <testcase classname="com.hrms.testcases.AddEmployeeTest" name="addEmployee" time="19.992"/>
  <system-out/>
  <testcase classname="com.hrms.testcases.AddEmployeeTest" name="addEmployee" time="20.343"/>
  <system-out/>
  <testcase classname="com.hrms.testcases.AddEmployeeTest" name="addEmployee" time="20.689"/>
  <system-out/>
  <testcase classname="com.hrms.testcases.AddEmployeeTest" name="addEmployee" time="18.915"/>
  <system-out/>
</testsuite> <!-- com.hrms.testcases.AddEmployeeTest -->
